[2022-05-13 20:33:57,607] logger_util.py->print_log line:14 [INFO] ----------接口测试开始----------
[2022-05-13 20:33:57,607] logger_util.py->print_log line:14 [INFO] 接口名称：成功获取token鉴权码
[2022-05-13 20:33:57,607] logger_util.py->print_log line:14 [INFO] 请求方式：get
[2022-05-13 20:33:57,607] logger_util.py->print_log line:14 [INFO] 请求路径：https://api.weixin.qq.com/cgi-bin/token
[2022-05-13 20:33:57,608] logger_util.py->print_log line:14 [INFO] 请求headers参数：None
[2022-05-13 20:33:57,608] logger_util.py->print_log line:14 [INFO] 请求params参数：{'grant_type': 'client_credential', 'appid': 'wx8a9de038e93f77ab', 'secret': '8326fc915928dee3165720c910effb86'}
[2022-05-13 20:33:57,942] logger_util.py->print_log line:14 [INFO] 预期结果：[{'codes': {'status_code': 200}}, {'contains': 'access_token'}]
[2022-05-13 20:33:57,942] logger_util.py->print_log line:14 [INFO] 实际结果：{'access_token': '56_jV5FEPlu3J4_yRnUj46B68yMiSCrqbeD8YtYI5njXX2daDC0MBjev9tdr19InN_0tZ0ZLDEzn2p9PlWGJgaHLF6c4KCsZSreYWtRoG0avpTJFzq6xgZ9yPwJ7h1oRbVlU8436kyKjCTvbrhUUYQjAFADHZ', 'expires_in': 7200}
[2022-05-13 20:33:57,942] logger_util.py->print_log line:14 [INFO] 接口测试成功
[2022-05-13 20:33:57,942] logger_util.py->print_log line:14 [INFO] ----------接口测试结束----------

[2022-05-13 20:33:57,947] logger_util.py->print_log line:14 [INFO] ----------接口测试开始----------
[2022-05-13 20:33:57,947] logger_util.py->print_log line:14 [INFO] 接口名称：检查appid为空
[2022-05-13 20:33:57,947] logger_util.py->print_log line:14 [INFO] 请求方式：get
[2022-05-13 20:33:57,950] logger_util.py->print_log line:14 [INFO] 请求路径：https://api.weixin.qq.com/cgi-bin/token
[2022-05-13 20:33:57,950] logger_util.py->print_log line:14 [INFO] 请求headers参数：None
[2022-05-13 20:33:57,950] logger_util.py->print_log line:14 [INFO] 请求params参数：{'grant_type': 'client_credential', 'appid': 100, 'secret': '8326fc915928dee3165720c910effb86'}
[2022-05-13 20:33:57,993] logger_util.py->print_log line:14 [INFO] 预期结果：[{'codes': {'status_code': 200}}, {'contains': 40013}]
[2022-05-13 20:33:57,994] logger_util.py->print_log line:14 [INFO] 实际结果：{'errcode': 40013, 'errmsg': 'invalid appid rid: 627e5035-21e8631f-4bc3a2e2'}
[2022-05-13 20:33:57,994] logger_util.py->print_log line:14 [INFO] 接口测试成功
[2022-05-13 20:33:57,994] logger_util.py->print_log line:14 [INFO] ----------接口测试结束----------

[2022-05-13 20:33:57,997] logger_util.py->print_log line:14 [INFO] ----------接口测试开始----------
[2022-05-13 20:33:57,997] logger_util.py->print_log line:14 [INFO] 接口名称：检查secret为空1
[2022-05-13 20:33:57,997] logger_util.py->print_log line:14 [INFO] 请求方式：get
[2022-05-13 20:33:57,998] logger_util.py->print_log line:14 [INFO] 请求路径：https://api.weixin.qq.com/cgi-bin/token
[2022-05-13 20:33:57,998] logger_util.py->print_log line:14 [INFO] 请求headers参数：None
[2022-05-13 20:33:57,999] logger_util.py->print_log line:14 [INFO] 请求params参数：{'grant_type': 'client_credential', 'appid': 'wx8a9de038e93f77ab', 'secret': ''}
[2022-05-13 20:33:58,121] logger_util.py->print_log line:14 [INFO] 预期结果：[{'codes': {'status_code': 200}}, {'contains': 41004}]
[2022-05-13 20:33:58,122] logger_util.py->print_log line:14 [INFO] 实际结果：{'errcode': 41004, 'errmsg': 'appsecret missing rid: 627e5035-36244c36-226a72e1'}
[2022-05-13 20:33:58,122] logger_util.py->print_log line:14 [INFO] 接口测试成功
[2022-05-13 20:33:58,122] logger_util.py->print_log line:14 [INFO] ----------接口测试结束----------

[2022-05-13 20:33:58,129] logger_util.py->print_log line:14 [INFO] ----------接口测试开始----------
[2022-05-13 20:33:58,129] logger_util.py->print_log line:14 [INFO] 接口名称：MD5加密接口
[2022-05-13 20:33:58,129] logger_util.py->print_log line:14 [INFO] 请求方式：post
[2022-05-13 20:33:58,129] logger_util.py->print_log line:14 [INFO] 请求路径：http://101.34.221.219:5000/md5login
[2022-05-13 20:33:58,129] logger_util.py->print_log line:14 [INFO] 请求headers参数：None
[2022-05-13 20:33:58,129] logger_util.py->print_log line:14 [INFO] 请求data参数：{'username': '21232f297a57a5a743894a0e4a801fc3', 'password': '202cb962ac59075b964b07152d234b70'}
[2022-05-13 20:33:58,181] logger_util.py->print_log line:14 [INFO] 预期结果：[{'contains': 'MD5加密登陆成功'}]
[2022-05-13 20:33:58,181] logger_util.py->print_log line:14 [INFO] 实际结果：{'error_code': 0, 'message': 'MD5加密登陆成功！'}
[2022-05-13 20:33:58,181] logger_util.py->print_log line:14 [INFO] 接口测试成功
[2022-05-13 20:33:58,182] logger_util.py->print_log line:14 [INFO] ----------接口测试结束----------

[2022-05-13 20:33:58,188] logger_util.py->print_log line:14 [INFO] ----------接口测试开始----------
[2022-05-13 20:33:58,188] logger_util.py->print_log line:14 [INFO] 接口名称：BASE64加密接口
[2022-05-13 20:33:58,188] logger_util.py->print_log line:14 [INFO] 请求方式：post
[2022-05-13 20:33:58,188] logger_util.py->print_log line:14 [INFO] 请求路径：http://101.34.221.219:5000/base64login
[2022-05-13 20:33:58,188] logger_util.py->print_log line:14 [INFO] 请求headers参数：None
[2022-05-13 20:33:58,188] logger_util.py->print_log line:14 [INFO] 请求data参数：{'username': 'YWRtaW4=', 'password': 'MTIz'}
[2022-05-13 20:33:58,241] logger_util.py->print_log line:14 [INFO] 预期结果：[{'contains': 'Base64加密登陆成功'}]
[2022-05-13 20:33:58,241] logger_util.py->print_log line:14 [INFO] 实际结果：{'error_code': 0, 'message': 'Base64加密登陆成功！'}
[2022-05-13 20:33:58,241] logger_util.py->print_log line:14 [INFO] 接口测试成功
[2022-05-13 20:33:58,241] logger_util.py->print_log line:14 [INFO] ----------接口测试结束----------

