[2022-05-11 21:58:25,240] logger_util.py->print_log line:13 [INFO] ----------接口测试开始----------
[2022-05-11 21:58:25,241] logger_util.py->print_log line:13 [INFO] 接口名称：成功获取token鉴权码
[2022-05-11 21:58:25,241] logger_util.py->print_log line:13 [INFO] 请求方式：get
[2022-05-11 21:58:25,241] logger_util.py->print_log line:13 [INFO] 请求路径：https://api.weixin.qq.com/cgi-bin/token
[2022-05-11 21:58:25,241] logger_util.py->print_log line:13 [INFO] 请求headers参数：None
[2022-05-11 21:58:25,242] logger_util.py->print_log line:13 [INFO] 请求params参数：{'grant_type': 'client_credential', 'appid': 'wx8a9de038e93f77ab', 'secret': '8326fc915928dee3165720c910effb86'}
[2022-05-11 21:58:25,554] logger_util.py->print_log line:13 [INFO] 预期结果：[{'codes': {'status_code': 200}}, {'contains': 'access_token'}]
[2022-05-11 21:58:25,554] logger_util.py->print_log line:13 [INFO] 实际结果：{'access_token': '56_Fv1BMoLK1BQaIQrs-DvILLjcS9PHCCU7SY75y9DrFPNBAKWN_II8YB3UCjy6SauoN-fPvwX_tDnKjGNCHh7YPNsFWCCrzMIa--nhLEkA3V43V1ul19U-5deau1ZA2H6ElbSw9FN4kIoLrn5TCNJcADAGRN', 'expires_in': 7200}
[2022-05-11 21:58:25,554] logger_util.py->print_log line:13 [INFO] 接口测试成功
[2022-05-11 21:58:25,554] logger_util.py->print_log line:13 [INFO] ----------接口测试结束----------

[2022-05-11 21:58:25,556] logger_util.py->print_log line:13 [INFO] ----------接口测试开始----------
[2022-05-11 21:58:25,556] logger_util.py->print_log line:13 [INFO] 接口名称：检查appid为空
[2022-05-11 21:58:25,557] logger_util.py->print_log line:13 [INFO] 请求方式：get
[2022-05-11 21:58:25,557] logger_util.py->print_log line:13 [INFO] 请求路径：https://api.weixin.qq.com/cgi-bin/token
[2022-05-11 21:58:25,557] logger_util.py->print_log line:13 [INFO] 请求headers参数：None
[2022-05-11 21:58:25,557] logger_util.py->print_log line:13 [INFO] 请求params参数：{'grant_type': 'client_credential', 'appid': 100, 'secret': '8326fc915928dee3165720c910effb86'}
[2022-05-11 21:58:25,604] logger_util.py->print_log line:13 [INFO] 预期结果：[{'codes': {'status_code': 200}}, {'contains': 41002}]
[2022-05-11 21:58:25,604] logger_util.py->print_log line:13 [INFO] 实际结果：{'errcode': 40013, 'errmsg': 'invalid appid rid: 627bc100-40ba3f45-0621187b'}
[2022-05-11 21:58:25,604] logger_util.py->print_log line:13 [INFO] contains断言失败：返回结果中没有41002
[2022-05-11 21:58:25,604] logger_util.py->print_log line:13 [INFO] 结果断言失败
[2022-05-11 21:58:25,605] logger_util.py->error_log line:10 [ERROR] 断言报错：Traceback (most recent call last):
  File "D:\workspace\pythonwork\vip_pytest_one\commons\assert_utils.py", line 41, in assert_result
    assert 1==2
AssertionError

[2022-05-11 21:58:25,605] logger_util.py->print_log line:13 [INFO] 接口测试成功
[2022-05-11 21:58:25,605] logger_util.py->print_log line:13 [INFO] ----------接口测试结束----------

[2022-05-11 21:58:25,608] logger_util.py->print_log line:13 [INFO] ----------接口测试开始----------
[2022-05-11 21:58:25,608] logger_util.py->print_log line:13 [INFO] 接口名称：检查secret为空1
[2022-05-11 21:58:25,608] logger_util.py->print_log line:13 [INFO] 请求方式：get
[2022-05-11 21:58:25,609] logger_util.py->print_log line:13 [INFO] 请求路径：https://api.weixin.qq.com/cgi-bin/token
[2022-05-11 21:58:25,609] logger_util.py->print_log line:13 [INFO] 请求headers参数：None
[2022-05-11 21:58:25,609] logger_util.py->print_log line:13 [INFO] 请求params参数：{'grant_type': 'client_credential', 'appid': 'wx8a9de038e93f77ab', 'secret': ''}
[2022-05-11 21:58:25,734] logger_util.py->print_log line:13 [INFO] 预期结果：[{'codes': {'status_code': 200}}, {'contains': 41004}]
[2022-05-11 21:58:25,734] logger_util.py->print_log line:13 [INFO] 实际结果：{'errcode': 41004, 'errmsg': 'appsecret missing rid: 627bc100-0e5054f8-6bd6707a'}
[2022-05-11 21:58:25,734] logger_util.py->print_log line:13 [INFO] 接口测试成功
[2022-05-11 21:58:25,734] logger_util.py->print_log line:13 [INFO] ----------接口测试结束----------

[2022-05-11 21:58:25,737] logger_util.py->print_log line:13 [INFO] ----------接口测试开始----------
[2022-05-11 21:58:25,737] logger_util.py->print_log line:13 [INFO] 接口名称：创建标签接口
[2022-05-11 21:58:25,737] logger_util.py->print_log line:13 [INFO] 请求方式：post
[2022-05-11 21:58:25,738] logger_util.py->print_log line:13 [INFO] 请求路径：https://api.weixin.qq.com/cgi-bin/tags/create
[2022-05-11 21:58:25,738] logger_util.py->print_log line:13 [INFO] 请求headers参数：None
[2022-05-11 21:58:25,739] logger_util.py->print_log line:13 [INFO] 请求params参数：{'access_token': '56_Fv1BMoLK1BQaIQrs-DvILLjcS9PHCCU7SY75y9DrFPNBAKWN_II8YB3UCjy6SauoN-fPvwX_tDnKjGNCHh7YPNsFWCCrzMIa--nhLEkA3V43V1ul19U-5deau1ZA2H6ElbSw9FN4kIoLrn5TCNJcADAGRN'}
[2022-05-11 21:58:25,739] logger_util.py->print_log line:13 [INFO] 请求json参数：{'tag': {'name': '百里30339'}}
[2022-05-11 21:58:25,968] logger_util.py->print_log line:13 [INFO] 预期结果：[{'contains': 'id'}]
[2022-05-11 21:58:25,968] logger_util.py->print_log line:13 [INFO] 实际结果：{'errcode': 45056, 'errmsg': 'too many tag now, no need to add new hint: [5kfcB65Sf-JgeAea] rid: 627bc101-65508439-791fdb3c'}
[2022-05-11 21:58:25,968] logger_util.py->print_log line:13 [INFO] 接口测试成功
[2022-05-11 21:58:25,968] logger_util.py->print_log line:13 [INFO] ----------接口测试结束----------

[2022-05-11 21:58:25,971] logger_util.py->print_log line:13 [INFO] ----------接口测试开始----------
[2022-05-11 21:58:25,971] logger_util.py->print_log line:13 [INFO] 接口名称：编辑标签接口
[2022-05-11 21:58:25,971] logger_util.py->print_log line:13 [INFO] 请求方式：post
[2022-05-11 21:58:25,972] logger_util.py->print_log line:13 [INFO] 请求路径：https://api.weixin.qq.com/cgi-bin/tags/update
[2022-05-11 21:58:25,972] logger_util.py->print_log line:13 [INFO] 请求headers参数：None
[2022-05-11 21:58:25,973] logger_util.py->print_log line:13 [INFO] 请求params参数：{'access_token': '56_Fv1BMoLK1BQaIQrs-DvILLjcS9PHCCU7SY75y9DrFPNBAKWN_II8YB3UCjy6SauoN-fPvwX_tDnKjGNCHh7YPNsFWCCrzMIa--nhLEkA3V43V1ul19U-5deau1ZA2H6ElbSw9FN4kIoLrn5TCNJcADAGRN'}
[2022-05-11 21:58:25,974] logger_util.py->error_log line:10 [ERROR] 热加载替换值报错：Traceback (most recent call last):
  File "D:\workspace\pythonwork\vip_pytest_one\commons\request_util.py", line 133, in replace_get_value
    new_value = getattr(self.obj, functon_name)(*all_args_value)
  File "D:\workspace\pythonwork\vip_pytest_one\hotloads\test.py", line 13, in read_extract
    return result[key]
KeyError: 'tag_id'

[2022-05-11 21:58:25,974] logger_util.py->print_log line:13 [INFO] 请求json参数：None
[2022-05-11 21:58:26,214] logger_util.py->print_log line:13 [INFO] 预期结果：None
[2022-05-11 21:58:26,214] logger_util.py->print_log line:13 [INFO] 实际结果：{'errcode': 44002, 'errmsg': 'empty post data hint: [5kfcTHpre-e_DnGa] rid: 627bc101-34a9dc9f-58e8d3a7'}
[2022-05-11 21:58:26,215] logger_util.py->print_log line:13 [INFO] 接口测试成功
[2022-05-11 21:58:26,215] logger_util.py->print_log line:13 [INFO] ----------接口测试结束----------

[2022-05-11 21:58:26,217] logger_util.py->print_log line:13 [INFO] ----------接口测试开始----------
[2022-05-11 21:58:26,217] logger_util.py->print_log line:13 [INFO] 接口名称：删除标签接口
[2022-05-11 21:58:26,218] logger_util.py->print_log line:13 [INFO] 请求方式：post
[2022-05-11 21:58:26,218] logger_util.py->print_log line:13 [INFO] 请求路径：https://api.weixin.qq.com/cgi-bin/tags/delete
[2022-05-11 21:58:26,218] logger_util.py->print_log line:13 [INFO] 请求headers参数：None
[2022-05-11 21:58:26,219] logger_util.py->print_log line:13 [INFO] 请求params参数：{'access_token': '56_Fv1BMoLK1BQaIQrs-DvILLjcS9PHCCU7SY75y9DrFPNBAKWN_II8YB3UCjy6SauoN-fPvwX_tDnKjGNCHh7YPNsFWCCrzMIa--nhLEkA3V43V1ul19U-5deau1ZA2H6ElbSw9FN4kIoLrn5TCNJcADAGRN'}
[2022-05-11 21:58:26,226] logger_util.py->error_log line:10 [ERROR] 热加载替换值报错：Traceback (most recent call last):
  File "D:\workspace\pythonwork\vip_pytest_one\commons\request_util.py", line 133, in replace_get_value
    new_value = getattr(self.obj, functon_name)(*all_args_value)
  File "D:\workspace\pythonwork\vip_pytest_one\hotloads\debug_talk.py", line 13, in read_extract
    return result[key]
KeyError: 'tag_id'

[2022-05-11 21:58:26,226] logger_util.py->print_log line:13 [INFO] 请求json参数：None
[2022-05-11 21:58:26,437] logger_util.py->print_log line:13 [INFO] 预期结果：None
[2022-05-11 21:58:26,437] logger_util.py->print_log line:13 [INFO] 实际结果：{'errcode': 44002, 'errmsg': 'empty post data hint: [5kfc244ce-P2jtJa] rid: 627bc101-49ef1caf-1443cf19'}
[2022-05-11 21:58:26,437] logger_util.py->print_log line:13 [INFO] 接口测试成功
[2022-05-11 21:58:26,437] logger_util.py->print_log line:13 [INFO] ----------接口测试结束----------

[2022-05-11 21:58:26,442] logger_util.py->print_log line:13 [INFO] ----------接口测试开始----------
[2022-05-11 21:58:26,443] logger_util.py->print_log line:13 [INFO] 接口名称：删除标签接口
[2022-05-11 21:58:26,443] logger_util.py->print_log line:13 [INFO] 请求方式：post
[2022-05-11 21:58:26,444] logger_util.py->print_log line:13 [INFO] 请求路径：https://api.weixin.qq.com/cgi-bin/tags/delete
[2022-05-11 21:58:26,444] logger_util.py->print_log line:13 [INFO] 请求headers参数：None
[2022-05-11 21:58:26,445] logger_util.py->print_log line:13 [INFO] 请求params参数：{'access_token': '56_Fv1BMoLK1BQaIQrs-DvILLjcS9PHCCU7SY75y9DrFPNBAKWN_II8YB3UCjy6SauoN-fPvwX_tDnKjGNCHh7YPNsFWCCrzMIa--nhLEkA3V43V1ul19U-5deau1ZA2H6ElbSw9FN4kIoLrn5TCNJcADAGRN'}
[2022-05-11 21:58:26,445] logger_util.py->print_log line:13 [INFO] 请求json参数：{'tag': {'id': 2}}
[2022-05-11 21:58:26,675] logger_util.py->print_log line:13 [INFO] 预期结果：None
[2022-05-11 21:58:26,675] logger_util.py->print_log line:13 [INFO] 实际结果：{'errcode': 45058, 'errmsg': "can't modify sys tag hint: [5kfcKYMre-cLFIsA] rid: 627bc101-62de44d8-19bcf103"}
[2022-05-11 21:58:26,676] logger_util.py->print_log line:13 [INFO] 接口测试成功
[2022-05-11 21:58:26,676] logger_util.py->print_log line:13 [INFO] ----------接口测试结束----------

[2022-05-11 21:58:26,679] logger_util.py->print_log line:13 [INFO] ----------接口测试开始----------
[2022-05-11 21:58:26,679] logger_util.py->print_log line:13 [INFO] 接口名称：查询标签接口
[2022-05-11 21:58:26,679] logger_util.py->print_log line:13 [INFO] request下面必须包含有method,base_url,url这三个二级关键字
[2022-05-11 21:58:26,682] logger_util.py->print_log line:13 [INFO] ----------接口测试开始----------
[2022-05-11 21:58:26,682] logger_util.py->print_log line:13 [INFO] 接口名称：文件上传接口
[2022-05-11 21:58:26,682] logger_util.py->print_log line:13 [INFO] 请求方式：post
[2022-05-11 21:58:26,683] logger_util.py->print_log line:13 [INFO] 请求路径：https://api.weixin.qq.com/cgi-bin/media/uploadimg
[2022-05-11 21:58:26,683] logger_util.py->print_log line:13 [INFO] 请求headers参数：None
[2022-05-11 21:58:26,684] logger_util.py->print_log line:13 [INFO] 请求params参数：{'access_token': '56_Fv1BMoLK1BQaIQrs-DvILLjcS9PHCCU7SY75y9DrFPNBAKWN_II8YB3UCjy6SauoN-fPvwX_tDnKjGNCHh7YPNsFWCCrzMIa--nhLEkA3V43V1ul19U-5deau1ZA2H6ElbSw9FN4kIoLrn5TCNJcADAGRN'}
[2022-05-11 21:58:27,207] logger_util.py->print_log line:13 [INFO] 预期结果：None
[2022-05-11 21:58:27,207] logger_util.py->print_log line:13 [INFO] 实际结果：{'url': 'http://mmbiz.qpic.cn/mmbiz_jpg/gwVWn1TZHhUL50TZaUjDkImand8Ol8IcezeuyPic9vCKwbiarqgzmMxqrXJCdciaqfECWicabVQTX2O1SWWiaHAhunQ/0'}
[2022-05-11 21:58:27,207] logger_util.py->print_log line:13 [INFO] 接口测试成功
[2022-05-11 21:58:27,207] logger_util.py->print_log line:13 [INFO] ----------接口测试结束----------

