[2022-05-12 15:10:18,646] logger_util.py->print_log line:14 [INFO] ----------接口测试开始----------
[2022-05-12 15:10:18,646] logger_util.py->print_log line:14 [INFO] 接口名称：成功获取token鉴权码
[2022-05-12 15:10:18,647] logger_util.py->print_log line:14 [INFO] 请求方式：get
[2022-05-12 15:10:18,647] logger_util.py->print_log line:14 [INFO] 请求路径：https://api.weixin.qq.com/cgi-bin/token
[2022-05-12 15:10:18,647] logger_util.py->print_log line:14 [INFO] 请求headers参数：None
[2022-05-12 15:10:18,647] logger_util.py->print_log line:14 [INFO] 请求params参数：{'grant_type': 'client_credential', 'appid': 'wx8a9de038e93f77ab', 'secret': '8326fc915928dee3165720c910effb86'}
[2022-05-12 15:10:18,929] logger_util.py->print_log line:14 [INFO] 预期结果：[{'codes': {'status_code': 200}}, {'contains': 'access_token'}]
[2022-05-12 15:10:18,929] logger_util.py->print_log line:14 [INFO] 实际结果：{'access_token': '56_EyxM_dgZcCQMaEBnomh3FjHD4_qAaRWyp_mZdP-h28qNjTRZLZ-DnQh2IJHpVUJnTcwsHPUIpqIthfVBYlZdfKrQ66xfyFibCR4aQReHYNCEHM8aBGAy8UcpdhUpE1pOLfQBQWRGOejp_kx-CUZaAHAMEJ', 'expires_in': 7200}
[2022-05-12 15:10:18,929] logger_util.py->print_log line:14 [INFO] 接口测试成功
[2022-05-12 15:10:18,929] logger_util.py->print_log line:14 [INFO] ----------接口测试结束----------

[2022-05-12 15:10:18,932] logger_util.py->print_log line:14 [INFO] ----------接口测试开始----------
[2022-05-12 15:10:18,932] logger_util.py->print_log line:14 [INFO] 接口名称：检查appid为空
[2022-05-12 15:10:18,932] logger_util.py->print_log line:14 [INFO] 请求方式：get
[2022-05-12 15:10:18,933] logger_util.py->print_log line:14 [INFO] 请求路径：https://api.weixin.qq.com/cgi-bin/token
[2022-05-12 15:10:18,933] logger_util.py->print_log line:14 [INFO] 请求headers参数：None
[2022-05-12 15:10:18,933] logger_util.py->print_log line:14 [INFO] 请求params参数：{'grant_type': 'client_credential', 'appid': 100, 'secret': '8326fc915928dee3165720c910effb86'}
[2022-05-12 15:10:18,976] logger_util.py->print_log line:14 [INFO] 预期结果：[{'codes': {'status_code': 200}}, {'contains': 40013}]
[2022-05-12 15:10:18,976] logger_util.py->print_log line:14 [INFO] 实际结果：{'errcode': 40013, 'errmsg': 'invalid appid rid: 627cb2d9-07e0bbfb-0dee95e7'}
[2022-05-12 15:10:18,976] logger_util.py->print_log line:14 [INFO] 接口测试成功
[2022-05-12 15:10:18,976] logger_util.py->print_log line:14 [INFO] ----------接口测试结束----------

[2022-05-12 15:10:18,979] logger_util.py->print_log line:14 [INFO] ----------接口测试开始----------
[2022-05-12 15:10:18,979] logger_util.py->print_log line:14 [INFO] 接口名称：检查secret为空1
[2022-05-12 15:10:18,979] logger_util.py->print_log line:14 [INFO] 请求方式：get
[2022-05-12 15:10:18,980] logger_util.py->print_log line:14 [INFO] 请求路径：https://api.weixin.qq.com/cgi-bin/token
[2022-05-12 15:10:18,980] logger_util.py->print_log line:14 [INFO] 请求headers参数：None
[2022-05-12 15:10:18,980] logger_util.py->print_log line:14 [INFO] 请求params参数：{'grant_type': 'client_credential', 'appid': 'wx8a9de038e93f77ab', 'secret': ''}
[2022-05-12 15:10:19,098] logger_util.py->print_log line:14 [INFO] 预期结果：[{'codes': {'status_code': 200}}, {'contains': 41004}]
[2022-05-12 15:10:19,098] logger_util.py->print_log line:14 [INFO] 实际结果：{'errcode': 41004, 'errmsg': 'appsecret missing rid: 627cb2d9-3b01ada4-1a11e3fe'}
[2022-05-12 15:10:19,098] logger_util.py->print_log line:14 [INFO] 接口测试成功
[2022-05-12 15:10:19,098] logger_util.py->print_log line:14 [INFO] ----------接口测试结束----------

[2022-05-12 15:10:19,101] logger_util.py->print_log line:14 [INFO] ----------接口测试开始----------
[2022-05-12 15:10:19,101] logger_util.py->print_log line:14 [INFO] 接口名称：创建标签接口
[2022-05-12 15:10:19,101] logger_util.py->print_log line:14 [INFO] 请求方式：post
[2022-05-12 15:10:19,102] logger_util.py->print_log line:14 [INFO] 请求路径：https://api.weixin.qq.com/cgi-bin/tags/create
[2022-05-12 15:10:19,102] logger_util.py->print_log line:14 [INFO] 请求headers参数：None
[2022-05-12 15:10:19,102] logger_util.py->print_log line:14 [INFO] 请求params参数：{'access_token': '56_EyxM_dgZcCQMaEBnomh3FjHD4_qAaRWyp_mZdP-h28qNjTRZLZ-DnQh2IJHpVUJnTcwsHPUIpqIthfVBYlZdfKrQ66xfyFibCR4aQReHYNCEHM8aBGAy8UcpdhUpE1pOLfQBQWRGOejp_kx-CUZaAHAMEJ'}
[2022-05-12 15:10:19,103] logger_util.py->print_log line:14 [INFO] 请求json参数：{'tag': {'name': '百里57722'}}
[2022-05-12 15:10:19,362] logger_util.py->print_log line:14 [INFO] 预期结果：[{'contains': 'id'}]
[2022-05-12 15:10:19,362] logger_util.py->print_log line:14 [INFO] 实际结果：{'tag': {'id': 942, 'name': '\\u767e\\u91cc57722'}}
[2022-05-12 15:10:19,362] logger_util.py->print_log line:14 [INFO] 接口测试成功
[2022-05-12 15:10:19,362] logger_util.py->print_log line:14 [INFO] ----------接口测试结束----------

[2022-05-12 15:10:19,365] logger_util.py->print_log line:14 [INFO] ----------接口测试开始----------
[2022-05-12 15:10:19,365] logger_util.py->print_log line:14 [INFO] 接口名称：编辑标签接口
[2022-05-12 15:10:19,365] logger_util.py->print_log line:14 [INFO] 请求方式：post
[2022-05-12 15:10:19,365] logger_util.py->print_log line:14 [INFO] 请求路径：https://api.weixin.qq.com/cgi-bin/tags/update
[2022-05-12 15:10:19,366] logger_util.py->print_log line:14 [INFO] 请求headers参数：None
[2022-05-12 15:10:19,366] logger_util.py->print_log line:14 [INFO] 请求params参数：{'access_token': '56_EyxM_dgZcCQMaEBnomh3FjHD4_qAaRWyp_mZdP-h28qNjTRZLZ-DnQh2IJHpVUJnTcwsHPUIpqIthfVBYlZdfKrQ66xfyFibCR4aQReHYNCEHM8aBGAy8UcpdhUpE1pOLfQBQWRGOejp_kx-CUZaAHAMEJ'}
[2022-05-12 15:10:19,367] logger_util.py->print_log line:14 [INFO] 请求json参数：{'tag': {'id': 942, 'name': '广东人64062'}}
[2022-05-12 15:10:19,620] logger_util.py->print_log line:14 [INFO] 预期结果：None
[2022-05-12 15:10:19,620] logger_util.py->print_log line:14 [INFO] 实际结果：{'errcode': 0, 'errmsg': 'ok'}
[2022-05-12 15:10:19,620] logger_util.py->print_log line:14 [INFO] 接口测试成功
[2022-05-12 15:10:19,620] logger_util.py->print_log line:14 [INFO] ----------接口测试结束----------

[2022-05-12 15:10:19,623] logger_util.py->print_log line:14 [INFO] ----------接口测试开始----------
[2022-05-12 15:10:19,624] logger_util.py->print_log line:14 [INFO] 接口名称：删除标签接口
[2022-05-12 15:10:19,624] logger_util.py->print_log line:14 [INFO] 请求方式：post
[2022-05-12 15:10:19,624] logger_util.py->print_log line:14 [INFO] 请求路径：https://api.weixin.qq.com/cgi-bin/tags/delete
[2022-05-12 15:10:19,625] logger_util.py->print_log line:14 [INFO] 请求headers参数：None
[2022-05-12 15:10:19,625] logger_util.py->print_log line:14 [INFO] 请求params参数：{'access_token': '56_EyxM_dgZcCQMaEBnomh3FjHD4_qAaRWyp_mZdP-h28qNjTRZLZ-DnQh2IJHpVUJnTcwsHPUIpqIthfVBYlZdfKrQ66xfyFibCR4aQReHYNCEHM8aBGAy8UcpdhUpE1pOLfQBQWRGOejp_kx-CUZaAHAMEJ'}
[2022-05-12 15:10:19,626] logger_util.py->print_log line:14 [INFO] 请求json参数：{'tag': {'id': 942}}
[2022-05-12 15:10:19,874] logger_util.py->print_log line:14 [INFO] 预期结果：None
[2022-05-12 15:10:19,875] logger_util.py->print_log line:14 [INFO] 实际结果：{'errcode': 0, 'errmsg': 'ok'}
[2022-05-12 15:10:19,875] logger_util.py->print_log line:14 [INFO] 接口测试成功
[2022-05-12 15:10:19,875] logger_util.py->print_log line:14 [INFO] ----------接口测试结束----------

[2022-05-12 15:10:19,877] logger_util.py->print_log line:14 [INFO] ----------接口测试开始----------
[2022-05-12 15:10:19,877] logger_util.py->print_log line:14 [INFO] 接口名称：删除标签接口
[2022-05-12 15:10:19,878] logger_util.py->print_log line:14 [INFO] 请求方式：post
[2022-05-12 15:10:19,878] logger_util.py->print_log line:14 [INFO] 请求路径：https://api.weixin.qq.com/cgi-bin/tags/delete
[2022-05-12 15:10:19,878] logger_util.py->print_log line:14 [INFO] 请求headers参数：None
[2022-05-12 15:10:19,879] logger_util.py->print_log line:14 [INFO] 请求params参数：{'access_token': '56_EyxM_dgZcCQMaEBnomh3FjHD4_qAaRWyp_mZdP-h28qNjTRZLZ-DnQh2IJHpVUJnTcwsHPUIpqIthfVBYlZdfKrQ66xfyFibCR4aQReHYNCEHM8aBGAy8UcpdhUpE1pOLfQBQWRGOejp_kx-CUZaAHAMEJ'}
[2022-05-12 15:10:19,879] logger_util.py->print_log line:14 [INFO] 请求json参数：{'tag': {'id': 2}}
[2022-05-12 15:10:20,109] logger_util.py->print_log line:14 [INFO] 预期结果：None
[2022-05-12 15:10:20,109] logger_util.py->print_log line:14 [INFO] 实际结果：{'errcode': 45058, 'errmsg': "can't modify sys tag hint: [EhFcf73Vf-sE5nbA] rid: 627cb2da-5a56b18f-7ae23085"}
[2022-05-12 15:10:20,109] logger_util.py->print_log line:14 [INFO] 接口测试成功
[2022-05-12 15:10:20,109] logger_util.py->print_log line:14 [INFO] ----------接口测试结束----------

[2022-05-12 15:10:20,112] logger_util.py->print_log line:14 [INFO] ----------接口测试开始----------
[2022-05-12 15:10:20,112] logger_util.py->print_log line:14 [INFO] 接口名称：查询标签接口
[2022-05-12 15:10:20,112] logger_util.py->print_log line:14 [INFO] 请求方式：get
[2022-05-12 15:10:20,113] logger_util.py->print_log line:14 [INFO] 请求路径：https://api.weixin.qq.com/cgi-bin/tags/get?access_token=56_EyxM_dgZcCQMaEBnomh3FjHD4_qAaRWyp_mZdP-h28qNjTRZLZ-DnQh2IJHpVUJnTcwsHPUIpqIthfVBYlZdfKrQ66xfyFibCR4aQReHYNCEHM8aBGAy8UcpdhUpE1pOLfQBQWRGOejp_kx-CUZaAHAMEJ
[2022-05-12 15:10:20,325] logger_util.py->print_log line:14 [INFO] 预期结果：[{'contains': 'tags'}]
[2022-05-12 15:10:20,326] logger_util.py->print_log line:14 [INFO] 实际结果：{'tags': [{'id': 2, 'name': '星标组', 'count': 0}, {'id': 737, 'name': '\\u5927\\u6570\\u636e8833', 'count': 0}, {'id': 739, 'name': '\\u5927\\u6570\\u636e9797', 'count': 0}, {'id': 740, 'name': '\\u7801\\u5c1a\\u6559\\u80b220929', 'count': 0}, {'id': 741, 'name': '\\u9a6c\\u65b0\\u5efa', 'count': 0}, {'id': 742, 'name': 'wetest231', 'count': 0}, {'id': 743, 'name': 'wetest123', 'count': 0}, {'id': 744, 'name': 'wetest890', 'count': 0}, {'id': 745, 'name': 'testok123', 'count': 0}, {'id': 750, 'name': '\\u5927\\u6570\\u636e9809', 'count': 0}, {'id': 751, 'name': '\\u5927\\u6570\\u636e1378', 'count': 0}, {'id': 754, 'name': '\\u5927\\u6570\\u636e2902', 'count': 0}, {'id': 755, 'name': 'test2577', 'count': 0}, {'id': 756, 'name': 'test7667', 'count': 0}, {'id': 757, 'name': '\\u5927\\u6570\\u636e7993', 'count': 0}, {'id': 762, 'name': 'test1997', 'count': 0}, {'id': 763, 'name': 'test6417', 'count': 0}, {'id': 764, 'name': 'test6006', 'count': 0}, {'id': 765, 'name': 'test8594', 'count': 0}, {'id': 766, 'name': 'test8064', 'count': 0}, {'id': 767, 'name': '\\u5927\\u6570\\u636e7399', 'count': 0}, {'id': 768, 'name': 'xiexiaoming12309', 'count': 0}, {'id': 771, 'name': '\\u5927\\u6570\\u636e9388', 'count': 0}, {'id': 772, 'name': '\\u5927\\u6570\\u636e1899', 'count': 0}, {'id': 773, 'name': '\\u7801\\u5c1a\\u6559\\u80b2648785', 'count': 0}, {'id': 774, 'name': '\\u7801\\u5c1a\\u6559\\u80b2681502', 'count': 0}, {'id': 775, 'name': '\\u7801\\u5c1a\\u6559\\u80b2908274', 'count': 0}, {'id': 777, 'name': '\\u5927\\u6570\\u636e5561', 'count': 0}, {'id': 778, 'name': '\\u7801\\u5c1a\\u6559\\u80b222546', 'count': 0}, {'id': 779, 'name': '\\u7801\\u5c1a\\u6559\\u80b2529467', 'count': 0}, {'id': 780, 'name': '\\u7801\\u5c1a\\u6559\\u80b2532364', 'count': 0}, {'id': 781, 'name': '\\u7801\\u5c1a\\u6559\\u80b2195551', 'count': 0}, {'id': 783, 'name': '\\u7801\\u5c1a\\u6559\\u80b2703156', 'count': 0}, {'id': 784, 'name': '\\u7801\\u5c1a\\u6559\\u80b2278925', 'count': 0}, {'id': 785, 'name': '\\u7801\\u5c1a\\u6559\\u80b2191817', 'count': 0}, {'id': 786, 'name': '\\u7801\\u5c1a\\u6559\\u80b239419', 'count': 0}, {'id': 815, 'name': '\\u7801\\u5c1a\\u6559\\u80b2916294', 'count': 0}, {'id': 832, 'name': '\\u7801\\u5c1a\\u6559\\u80b2846049', 'count': 0}, {'id': 833, 'name': '\\u7801\\u5c1a\\u6559\\u80b2887855', 'count': 0}, {'id': 834, 'name': '\\u7801\\u5c1a\\u6559\\u80b2961384', 'count': 0}, {'id': 835, 'name': '\\u7801\\u5c1a\\u6559\\u80b2756860', 'count': 0}, {'id': 836, 'name': '\\u7801\\u5c1a\\u6559\\u80b2937962', 'count': 0}, {'id': 837, 'name': '\\u7801\\u5c1a\\u6559\\u80b2476837', 'count': 0}, {'id': 838, 'name': '\\u7801\\u5c1a\\u6559\\u80b2755111', 'count': 0}, {'id': 861, 'name': '\\u7801\\u5c1a\\u6559\\u80b2478086', 'count': 0}, {'id': 863, 'name': '\\u7801\\u5c1a\\u6559\\u80b2573197', 'count': 0}, {'id': 864, 'name': '\\u7801\\u5c1a\\u6559\\u80b2912954', 'count': 0}, {'id': 865, 'name': '\\u7801\\u5c1a\\u6559\\u80b217664', 'count': 0}, {'id': 866, 'name': '\\u7801\\u5c1a\\u6559\\u80b274117', 'count': 0}, {'id': 867, 'name': '\\u7801\\u5c1a\\u6559\\u80b221477', 'count': 0}, {'id': 868, 'name': '\\u7801\\u5c1a\\u6559\\u80b215022', 'count': 0}, {'id': 869, 'name': '\\u7801\\u5c1a\\u6559\\u80b273194', 'count': 0}, {'id': 870, 'name': '\\u7801\\u5c1a\\u6559\\u80b268282', 'count': 0}, {'id': 871, 'name': '\\u7801\\u5c1a\\u6559\\u80b224161', 'count': 0}, {'id': 872, 'name': '\\u7801\\u5c1a\\u6559\\u80b244342', 'count': 0}, {'id': 873, 'name': '\\u7801\\u5c1a\\u6559\\u80b213543', 'count': 0}, {'id': 874, 'name': '\\u7801\\u5c1a\\u6559\\u80b291420', 'count': 0}, {'id': 875, 'name': '\\u7801\\u5c1a\\u6559\\u80b2270571', 'count': 0}, {'id': 876, 'name': '\\u7801\\u5c1a\\u6559\\u80b226635', 'count': 0}, {'id': 877, 'name': '\\u7801\\u5c1a\\u6559\\u80b289984', 'count': 0}, {'id': 878, 'name': '\\u7801\\u5c1a\\u6559\\u80b284421', 'count': 0}, {'id': 879, 'name': '\\u7801\\u5c1a\\u6559\\u80b275346', 'count': 0}, {'id': 880, 'name': '\\u7801\\u5c1a\\u6559\\u80b281549', 'count': 0}, {'id': 881, 'name': '\\u7801\\u5c1a\\u6559\\u80b252774', 'count': 0}, {'id': 882, 'name': '\\u7801\\u5c1a\\u6559\\u80b284838', 'count': 0}, {'id': 883, 'name': '\\u7801\\u5c1a\\u6559\\u80b2891206', 'count': 0}, {'id': 884, 'name': '\\u7801\\u5c1a\\u6559\\u80b296439', 'count': 0}, {'id': 885, 'name': '\\u7801\\u5c1a\\u6559\\u80b243154', 'count': 0}, {'id': 886, 'name': '\\u7801\\u5c1a\\u6559\\u80b224096', 'count': 0}, {'id': 887, 'name': '\\u7801\\u5c1a\\u6559\\u80b263254', 'count': 0}, {'id': 888, 'name': '\\u7801\\u5c1a\\u6559\\u80b273602', 'count': 0}, {'id': 889, 'name': '\\u7801\\u5c1a\\u6559\\u80b213776', 'count': 0}, {'id': 890, 'name': '\\u7801\\u5c1a\\u6559\\u80b2433818', 'count': 0}, {'id': 891, 'name': '\\u7801\\u5c1a\\u6559\\u80b2443641', 'count': 0}, {'id': 892, 'name': '\\u767e\\u91cc\\u8001\\u5e0853289', 'count': 0}, {'id': 898, 'name': '2022042913195273', 'count': 0}, {'id': 903, 'name': '2022042942299823', 'count': 0}, {'id': 905, 'name': '\\u7801\\u5c1a\\u6559\\u80b269168', 'count': 0}, {'id': 906, 'name': '\\u7801\\u5c1a\\u6559\\u80b298296', 'count': 0}, {'id': 907, 'name': '四川内江1652193778', 'count': 0}, {'id': 908, 'name': '\\u5e7f\\u4e1c\\u4eba3978', 'count': 0}, {'id': 909, 'name': '\\u5e7f\\u4e1c\\u4eba7902', 'count': 0}, {'id': 910, 'name': '\\u5e7f\\u4e1c\\u4eba7762', 'count': 0}, {'id': 911, 'name': '\\u5e7f\\u4e1c\\u4eba3597', 'count': 0}, {'id': 912, 'name': '\\u5e7f\\u4e1c\\u4eba7241', 'count': 0}, {'id': 913, 'name': '\\u5e7f\\u4e1c\\u4eba5840', 'count': 0}, {'id': 916, 'name': '\\u7801\\u5c1a\\u6559\\u80b2410940', 'count': 0}, {'id': 917, 'name': '\\u7801\\u5c1a\\u6559\\u80b2986493', 'count': 0}, {'id': 918, 'name': '\\u7801\\u5c1a\\u6559\\u80b2177145', 'count': 0}, {'id': 923, 'name': '\\u767e\\u91cc${get_randoms()}', 'count': 0}, {'id': 931, 'name': '\\u5e7f\\u4e1c\\u4eba76070', 'count': 0}, {'id': 932, 'name': '百里老师1652277187', 'count': 0}, {'id': 933, 'name': '\\u5e7f\\u4e1c\\u4eba57412', 'count': 0}, {'id': 934, 'name': '\\u5e7f\\u4e1c\\u4eba49679', 'count': 0}, {'id': 935, 'name': '\\u5e7f\\u4e1c\\u4eba90416', 'count': 0}, {'id': 936, 'name': '\\u5e7f\\u4e1c\\u4eba77555', 'count': 0}, {'id': 937, 'name': '\\u6df1\\u5733\\u5357\\u5c71', 'count': 0}, {'id': 938, 'name': '\\u9633\\u9756\\u5eb7', 'count': 0}, {'id': 939, 'name': '\\u7801\\u5c1a\\u6559\\u80b235539', 'count': 0}]}
[2022-05-12 15:10:20,335] logger_util.py->print_log line:14 [INFO] 接口测试成功
[2022-05-12 15:10:20,335] logger_util.py->print_log line:14 [INFO] ----------接口测试结束----------

[2022-05-12 15:10:20,342] logger_util.py->print_log line:14 [INFO] ----------接口测试开始----------
[2022-05-12 15:10:20,343] logger_util.py->print_log line:14 [INFO] 接口名称：文件上传接口
[2022-05-12 15:10:20,343] logger_util.py->print_log line:14 [INFO] 请求方式：post
[2022-05-12 15:10:20,343] logger_util.py->print_log line:14 [INFO] 请求路径：https://api.weixin.qq.com/cgi-bin/media/uploadimg
[2022-05-12 15:10:20,344] logger_util.py->print_log line:14 [INFO] 请求headers参数：None
[2022-05-12 15:10:20,344] logger_util.py->print_log line:14 [INFO] 请求params参数：{'access_token': '56_EyxM_dgZcCQMaEBnomh3FjHD4_qAaRWyp_mZdP-h28qNjTRZLZ-DnQh2IJHpVUJnTcwsHPUIpqIthfVBYlZdfKrQ66xfyFibCR4aQReHYNCEHM8aBGAy8UcpdhUpE1pOLfQBQWRGOejp_kx-CUZaAHAMEJ'}
[2022-05-12 15:10:20,948] logger_util.py->print_log line:14 [INFO] 预期结果：None
[2022-05-12 15:10:20,949] logger_util.py->print_log line:14 [INFO] 实际结果：{'url': 'http://mmbiz.qpic.cn/mmbiz_jpg/gwVWn1TZHhWlC6Pqwia6ECArTbgN7DjV0fheyfn2jIrJy3adF4tkZ6htsKjDnbvk6wKnHnCksPibculicficJy1rlQ/0'}
[2022-05-12 15:10:20,949] logger_util.py->print_log line:14 [INFO] 接口测试成功
[2022-05-12 15:10:20,949] logger_util.py->print_log line:14 [INFO] ----------接口测试结束----------

