[2022-05-11 22:00:12,095] logger_util.py->print_log line:13 [INFO] ----------接口测试开始----------
[2022-05-11 22:00:12,096] logger_util.py->print_log line:13 [INFO] 接口名称：成功获取token鉴权码
[2022-05-11 22:00:12,096] logger_util.py->print_log line:13 [INFO] 请求方式：get
[2022-05-11 22:00:12,096] logger_util.py->print_log line:13 [INFO] 请求路径：https://api.weixin.qq.com/cgi-bin/token
[2022-05-11 22:00:12,096] logger_util.py->print_log line:13 [INFO] 请求headers参数：None
[2022-05-11 22:00:12,097] logger_util.py->print_log line:13 [INFO] 请求params参数：{'grant_type': 'client_credential', 'appid': 'wx8a9de038e93f77ab', 'secret': '8326fc915928dee3165720c910effb86'}
[2022-05-11 22:00:12,418] logger_util.py->print_log line:13 [INFO] 预期结果：[{'codes': {'status_code': 200}}, {'contains': 'access_token'}]
[2022-05-11 22:00:12,418] logger_util.py->print_log line:13 [INFO] 实际结果：{'access_token': '56_xEniut_d2g9FYGB6WY_zLcAr9XBq2a989-SFWVXOFCsKpJv_HOG0dHv2NDfs5je4CfnbNoiFj5OIqEvnhmbJei81TzY04r_9n64A9Non-rY8vGfysl4uHEIbDOHC-NSNiG4iLrguzbN_kfQuQTBcAGAILT', 'expires_in': 7200}
[2022-05-11 22:00:12,419] logger_util.py->print_log line:13 [INFO] 接口测试成功
[2022-05-11 22:00:12,419] logger_util.py->print_log line:13 [INFO] ----------接口测试结束----------

[2022-05-11 22:00:12,421] logger_util.py->print_log line:13 [INFO] ----------接口测试开始----------
[2022-05-11 22:00:12,421] logger_util.py->print_log line:13 [INFO] 接口名称：检查appid为空
[2022-05-11 22:00:12,421] logger_util.py->print_log line:13 [INFO] 请求方式：get
[2022-05-11 22:00:12,422] logger_util.py->print_log line:13 [INFO] 请求路径：https://api.weixin.qq.com/cgi-bin/token
[2022-05-11 22:00:12,422] logger_util.py->print_log line:13 [INFO] 请求headers参数：None
[2022-05-11 22:00:12,422] logger_util.py->print_log line:13 [INFO] 请求params参数：{'grant_type': 'client_credential', 'appid': 100, 'secret': '8326fc915928dee3165720c910effb86'}
[2022-05-11 22:00:12,465] logger_util.py->print_log line:13 [INFO] 预期结果：[{'codes': {'status_code': 200}}, {'contains': 41002}]
[2022-05-11 22:00:12,465] logger_util.py->print_log line:13 [INFO] 实际结果：{'errcode': 40013, 'errmsg': 'invalid appid rid: 627bc16b-36fc485a-0971354d'}
[2022-05-11 22:00:12,465] logger_util.py->print_log line:13 [INFO] contains断言失败：返回结果中没有41002
[2022-05-11 22:00:12,465] logger_util.py->print_log line:13 [INFO] 结果断言失败
[2022-05-11 22:00:12,465] logger_util.py->error_log line:10 [ERROR] 断言报错：Traceback (most recent call last):
  File "D:\workspace\pythonwork\vip_pytest_one\commons\assert_utils.py", line 41, in assert_result
    assert 1==2
AssertionError

[2022-05-11 22:00:12,465] logger_util.py->error_log line:10 [ERROR] 规范YAML测试用例报错：
[2022-05-11 22:00:12,579] logger_util.py->print_log line:13 [INFO] ----------接口测试开始----------
[2022-05-11 22:00:12,579] logger_util.py->print_log line:13 [INFO] 接口名称：检查secret为空1
[2022-05-11 22:00:12,579] logger_util.py->print_log line:13 [INFO] 请求方式：get
[2022-05-11 22:00:12,580] logger_util.py->print_log line:13 [INFO] 请求路径：https://api.weixin.qq.com/cgi-bin/token
[2022-05-11 22:00:12,580] logger_util.py->print_log line:13 [INFO] 请求headers参数：None
[2022-05-11 22:00:12,580] logger_util.py->print_log line:13 [INFO] 请求params参数：{'grant_type': 'client_credential', 'appid': 'wx8a9de038e93f77ab', 'secret': ''}
[2022-05-11 22:00:12,698] logger_util.py->print_log line:13 [INFO] 预期结果：[{'codes': {'status_code': 200}}, {'contains': 41004}]
[2022-05-11 22:00:12,698] logger_util.py->print_log line:13 [INFO] 实际结果：{'errcode': 41004, 'errmsg': 'appsecret missing rid: 627bc16b-16d4f0be-711064fc'}
[2022-05-11 22:00:12,698] logger_util.py->print_log line:13 [INFO] 接口测试成功
[2022-05-11 22:00:12,698] logger_util.py->print_log line:13 [INFO] ----------接口测试结束----------

[2022-05-11 22:00:12,702] logger_util.py->print_log line:13 [INFO] ----------接口测试开始----------
[2022-05-11 22:00:12,702] logger_util.py->print_log line:13 [INFO] 接口名称：创建标签接口
[2022-05-11 22:00:12,702] logger_util.py->print_log line:13 [INFO] 请求方式：post
[2022-05-11 22:00:12,703] logger_util.py->print_log line:13 [INFO] 请求路径：https://api.weixin.qq.com/cgi-bin/tags/create
[2022-05-11 22:00:12,703] logger_util.py->print_log line:13 [INFO] 请求headers参数：None
[2022-05-11 22:00:12,704] logger_util.py->print_log line:13 [INFO] 请求params参数：{'access_token': '56_xEniut_d2g9FYGB6WY_zLcAr9XBq2a989-SFWVXOFCsKpJv_HOG0dHv2NDfs5je4CfnbNoiFj5OIqEvnhmbJei81TzY04r_9n64A9Non-rY8vGfysl4uHEIbDOHC-NSNiG4iLrguzbN_kfQuQTBcAGAILT'}
[2022-05-11 22:00:12,704] logger_util.py->print_log line:13 [INFO] 请求json参数：{'tag': {'name': '百里80447'}}
[2022-05-11 22:00:12,971] logger_util.py->print_log line:13 [INFO] 预期结果：[{'contains': 'id'}]
[2022-05-11 22:00:12,971] logger_util.py->print_log line:13 [INFO] 实际结果：{'errcode': 45056, 'errmsg': 'too many tag now, no need to add new hint: [.Kfc7Rore-p8RInA] rid: 627bc16c-15293cbf-446f66bc'}
[2022-05-11 22:00:12,971] logger_util.py->print_log line:13 [INFO] 接口测试成功
[2022-05-11 22:00:12,971] logger_util.py->print_log line:13 [INFO] ----------接口测试结束----------

[2022-05-11 22:00:12,975] logger_util.py->print_log line:13 [INFO] ----------接口测试开始----------
[2022-05-11 22:00:12,975] logger_util.py->print_log line:13 [INFO] 接口名称：编辑标签接口
[2022-05-11 22:00:12,975] logger_util.py->print_log line:13 [INFO] 请求方式：post
[2022-05-11 22:00:12,976] logger_util.py->print_log line:13 [INFO] 请求路径：https://api.weixin.qq.com/cgi-bin/tags/update
[2022-05-11 22:00:12,976] logger_util.py->print_log line:13 [INFO] 请求headers参数：None
[2022-05-11 22:00:12,977] logger_util.py->print_log line:13 [INFO] 请求params参数：{'access_token': '56_xEniut_d2g9FYGB6WY_zLcAr9XBq2a989-SFWVXOFCsKpJv_HOG0dHv2NDfs5je4CfnbNoiFj5OIqEvnhmbJei81TzY04r_9n64A9Non-rY8vGfysl4uHEIbDOHC-NSNiG4iLrguzbN_kfQuQTBcAGAILT'}
[2022-05-11 22:00:12,977] logger_util.py->error_log line:10 [ERROR] 热加载替换值报错：Traceback (most recent call last):
  File "D:\workspace\pythonwork\vip_pytest_one\commons\request_util.py", line 135, in replace_get_value
    new_value = getattr(self.obj, functon_name)(*all_args_value)
  File "D:\workspace\pythonwork\vip_pytest_one\hotloads\test.py", line 13, in read_extract
    return result[key]
KeyError: 'tag_id'

[2022-05-11 22:00:12,978] logger_util.py->error_log line:10 [ERROR] 发送请求报错：Traceback (most recent call last):
  File "D:\workspace\pythonwork\vip_pytest_one\commons\request_util.py", line 91, in send_all_request
    kwargs[key] = self.replace_get_value(value)
  File "D:\workspace\pythonwork\vip_pytest_one\commons\request_util.py", line 159, in replace_get_value
    raise e
  File "D:\workspace\pythonwork\vip_pytest_one\commons\request_util.py", line 135, in replace_get_value
    new_value = getattr(self.obj, functon_name)(*all_args_value)
  File "D:\workspace\pythonwork\vip_pytest_one\hotloads\test.py", line 13, in read_extract
    return result[key]
KeyError: 'tag_id'

[2022-05-11 22:00:12,978] logger_util.py->error_log line:10 [ERROR] 规范YAML测试用例报错：'tag_id'
[2022-05-11 22:00:13,004] logger_util.py->print_log line:13 [INFO] ----------接口测试开始----------
[2022-05-11 22:00:13,004] logger_util.py->print_log line:13 [INFO] 接口名称：删除标签接口
[2022-05-11 22:00:13,004] logger_util.py->print_log line:13 [INFO] 请求方式：post
[2022-05-11 22:00:13,005] logger_util.py->print_log line:13 [INFO] 请求路径：https://api.weixin.qq.com/cgi-bin/tags/delete
[2022-05-11 22:00:13,005] logger_util.py->print_log line:13 [INFO] 请求headers参数：None
[2022-05-11 22:00:13,005] logger_util.py->print_log line:13 [INFO] 请求params参数：{'access_token': '56_xEniut_d2g9FYGB6WY_zLcAr9XBq2a989-SFWVXOFCsKpJv_HOG0dHv2NDfs5je4CfnbNoiFj5OIqEvnhmbJei81TzY04r_9n64A9Non-rY8vGfysl4uHEIbDOHC-NSNiG4iLrguzbN_kfQuQTBcAGAILT'}
[2022-05-11 22:00:13,006] logger_util.py->error_log line:10 [ERROR] 热加载替换值报错：Traceback (most recent call last):
  File "D:\workspace\pythonwork\vip_pytest_one\commons\request_util.py", line 135, in replace_get_value
    new_value = getattr(self.obj, functon_name)(*all_args_value)
  File "D:\workspace\pythonwork\vip_pytest_one\hotloads\debug_talk.py", line 13, in read_extract
    return result[key]
KeyError: 'tag_id'

[2022-05-11 22:00:13,006] logger_util.py->error_log line:10 [ERROR] 发送请求报错：Traceback (most recent call last):
  File "D:\workspace\pythonwork\vip_pytest_one\commons\request_util.py", line 91, in send_all_request
    kwargs[key] = self.replace_get_value(value)
  File "D:\workspace\pythonwork\vip_pytest_one\commons\request_util.py", line 159, in replace_get_value
    raise e
  File "D:\workspace\pythonwork\vip_pytest_one\commons\request_util.py", line 135, in replace_get_value
    new_value = getattr(self.obj, functon_name)(*all_args_value)
  File "D:\workspace\pythonwork\vip_pytest_one\hotloads\debug_talk.py", line 13, in read_extract
    return result[key]
KeyError: 'tag_id'

[2022-05-11 22:00:13,006] logger_util.py->error_log line:10 [ERROR] 规范YAML测试用例报错：'tag_id'
[2022-05-11 22:00:13,021] logger_util.py->print_log line:13 [INFO] ----------接口测试开始----------
[2022-05-11 22:00:13,021] logger_util.py->print_log line:13 [INFO] 接口名称：删除标签接口
[2022-05-11 22:00:13,021] logger_util.py->print_log line:13 [INFO] 请求方式：post
[2022-05-11 22:00:13,022] logger_util.py->print_log line:13 [INFO] 请求路径：https://api.weixin.qq.com/cgi-bin/tags/delete
[2022-05-11 22:00:13,022] logger_util.py->print_log line:13 [INFO] 请求headers参数：None
[2022-05-11 22:00:13,022] logger_util.py->print_log line:13 [INFO] 请求params参数：{'access_token': '56_xEniut_d2g9FYGB6WY_zLcAr9XBq2a989-SFWVXOFCsKpJv_HOG0dHv2NDfs5je4CfnbNoiFj5OIqEvnhmbJei81TzY04r_9n64A9Non-rY8vGfysl4uHEIbDOHC-NSNiG4iLrguzbN_kfQuQTBcAGAILT'}
[2022-05-11 22:00:13,023] logger_util.py->print_log line:13 [INFO] 请求json参数：{'tag': {'id': 2}}
[2022-05-11 22:00:13,288] logger_util.py->print_log line:13 [INFO] 预期结果：None
[2022-05-11 22:00:13,288] logger_util.py->print_log line:13 [INFO] 实际结果：{'errcode': 45058, 'errmsg': "can't modify sys tag hint: [.KfcP.ore-BYEC6] rid: 627bc16c-63dd29f1-643ce174"}
[2022-05-11 22:00:13,288] logger_util.py->print_log line:13 [INFO] 接口测试成功
[2022-05-11 22:00:13,288] logger_util.py->print_log line:13 [INFO] ----------接口测试结束----------

[2022-05-11 22:00:13,291] logger_util.py->print_log line:13 [INFO] ----------接口测试开始----------
[2022-05-11 22:00:13,291] logger_util.py->print_log line:13 [INFO] 接口名称：查询标签接口
[2022-05-11 22:00:13,291] logger_util.py->print_log line:13 [INFO] request下面必须包含有method,base_url,url这三个二级关键字
[2022-05-11 22:00:13,296] logger_util.py->print_log line:13 [INFO] ----------接口测试开始----------
[2022-05-11 22:00:13,297] logger_util.py->print_log line:13 [INFO] 接口名称：文件上传接口
[2022-05-11 22:00:13,297] logger_util.py->print_log line:13 [INFO] 请求方式：post
[2022-05-11 22:00:13,297] logger_util.py->print_log line:13 [INFO] 请求路径：https://api.weixin.qq.com/cgi-bin/media/uploadimg
[2022-05-11 22:00:13,297] logger_util.py->print_log line:13 [INFO] 请求headers参数：None
[2022-05-11 22:00:13,298] logger_util.py->print_log line:13 [INFO] 请求params参数：{'access_token': '56_xEniut_d2g9FYGB6WY_zLcAr9XBq2a989-SFWVXOFCsKpJv_HOG0dHv2NDfs5je4CfnbNoiFj5OIqEvnhmbJei81TzY04r_9n64A9Non-rY8vGfysl4uHEIbDOHC-NSNiG4iLrguzbN_kfQuQTBcAGAILT'}
[2022-05-11 22:00:13,772] logger_util.py->print_log line:13 [INFO] 预期结果：None
[2022-05-11 22:00:13,772] logger_util.py->print_log line:13 [INFO] 实际结果：{'url': 'http://mmbiz.qpic.cn/mmbiz_jpg/gwVWn1TZHhUL50TZaUjDkImand8Ol8IcezeuyPic9vCKwbiarqgzmMxqrXJCdciaqfECWicabVQTX2O1SWWiaHAhunQ/0'}
[2022-05-11 22:00:13,773] logger_util.py->print_log line:13 [INFO] 接口测试成功
[2022-05-11 22:00:13,773] logger_util.py->print_log line:13 [INFO] ----------接口测试结束----------

